Using pre-set license
Built from '2021.1/staging' branch; Version is '2021.1.14f1 (51d2f824827f) revision 5362424'; Using compiler version '192528614'; Build Type 'Release'
OS: 'Windows 10 Home; OS build 19042.1110; Version 2009; 64bit' Language: 'en' Physical Memory: 130992 MB
BatchMode: 1, IsHumanControllingUs: 0, StartBugReporterOnCrash: 0, Is64bit: 1, IsPro: 0

 COMMAND LINE ARGUMENTS:
C:\Program Files\Unity\Hub\Editor\2021.1.14f1\Editor\Unity.exe
-adb2
-batchMode
-noUpm
-name
AssetImportWorker0
-projectPath
D:/works/Unity_AnimationClipTransferTimeline
-logFile
Logs/AssetImportWorker0.log
-srvPort
64264
Successfully changed project path to: D:/works/Unity_AnimationClipTransferTimeline
D:/works/Unity_AnimationClipTransferTimeline
Using Asset Import Pipeline V2.
Refreshing native plugins compatible for Editor in 156.02 ms, found 3 plugins.
Preloading 0 native plugins for Editor in 0.00 ms.
Initialize engine version: 2021.1.14f1 (51d2f824827f)
[Subsystems] Discovering subsystems at path C:/Program Files/Unity/Hub/Editor/2021.1.14f1/Editor/Data/Resources/UnitySubsystems
[Subsystems] Discovering subsystems at path D:/works/Unity_AnimationClipTransferTimeline/Assets
GfxDevice: creating device client; threaded=0; jobified=0
Direct3D:
    Version:  Direct3D 11.0 [level 11.1]
    Renderer: NVIDIA GeForce RTX 3080 Ti (ID=0x2208)
    Vendor:   NVIDIA
    VRAM:     12108 MB
    Driver:   27.21.14.6677
Initialize mono
Mono path[0] = 'C:/Program Files/Unity/Hub/Editor/2021.1.14f1/Editor/Data/Managed'
Mono path[1] = 'C:/Program Files/Unity/Hub/Editor/2021.1.14f1/Editor/Data/MonoBleedingEdge/lib/mono/unityjit'
Mono config path = 'C:/Program Files/Unity/Hub/Editor/2021.1.14f1/Editor/Data/MonoBleedingEdge/etc'
Using monoOptions --debugger-agent=transport=dt_socket,embedding=1,server=y,suspend=n,address=127.0.0.1:56768
Begin MonoManager ReloadAssembly
Registering precompiled unity dll's ...
Register platform support module: C:/Program Files/Unity/Hub/Editor/2021.1.14f1/Editor/Data/PlaybackEngines/WindowsStandaloneSupport/UnityEditor.WindowsStandalone.Extensions.dll
Registered in 0.003029 seconds.
Native extension for WindowsStandalone target not found
Refreshing native plugins compatible for Editor in 153.39 ms, found 3 plugins.
Preloading 0 native plugins for Editor in 0.00 ms.
Mono: successfully reloaded assembly
- Completed reload, in  1.609 seconds
Domain Reload Profiling:
	ReloadAssembly (1609ms)
		BeginReloadAssembly (61ms)
			ExecutionOrderSort (0ms)
			DisableScriptedObjects (0ms)
			BackupInstance (0ms)
			ReleaseScriptingObjects (0ms)
			CreateAndSetChildDomain (1ms)
		EndReloadAssembly (526ms)
			LoadAssemblies (58ms)
			RebuildTransferFunctionScriptingTraits (0ms)
			SetupTypeCache (170ms)
			ReleaseScriptCaches (0ms)
			RebuildScriptCaches (29ms)
			SetupLoadedEditorAssemblies (277ms)
				LogAssemblyErrors (0ms)
				InitializePlatformSupportModulesInManaged (6ms)
				SetLoadedEditorAssemblies (0ms)
				RefreshPlugins (153ms)
				BeforeProcessingInitializeOnLoad (1ms)
				ProcessInitializeOnLoadAttributes (88ms)
				ProcessInitializeOnLoadMethodAttributes (27ms)
				AfterProcessingInitializeOnLoad (0ms)
				EditorAssembliesLoaded (0ms)
			ExecutionOrderSort2 (0ms)
			AwakeInstancesAfterBackupRestoration (0ms)
Platform modules already initialized, skipping
Registering precompiled user dll's ...
Registered in 0.006218 seconds.
Begin MonoManager ReloadAssembly
Symbol file LoadedFromMemory doesn't match image D:\works\Unity_AnimationClipTransferTimeline\Library\PackageCache\com.unity.visualscripting@1.6.1\Editor\VisualScripting.Core\Dependencies\YamlDotNet\Unity.VisualScripting.YamlDotNet.dll
Symbol file LoadedFromMemory doesn't match image D:\works\Unity_AnimationClipTransferTimeline\Library\PackageCache\com.unity.visualscripting@1.6.1\Editor\VisualScripting.Core\Dependencies\DotNetZip\Unity.VisualScripting.IonicZip.dll
Native extension for WindowsStandalone target not found
Refreshing native plugins compatible for Editor in 106.85 ms, found 3 plugins.
Preloading 0 native plugins for Editor in 0.00 ms.
Mono: successfully reloaded assembly
- Completed reload, in  1.170 seconds
Domain Reload Profiling:
	ReloadAssembly (1170ms)
		BeginReloadAssembly (102ms)
			ExecutionOrderSort (0ms)
			DisableScriptedObjects (4ms)
			BackupInstance (0ms)
			ReleaseScriptingObjects (0ms)
			CreateAndSetChildDomain (18ms)
		EndReloadAssembly (1026ms)
			LoadAssemblies (63ms)
			RebuildTransferFunctionScriptingTraits (0ms)
			SetupTypeCache (281ms)
			ReleaseScriptCaches (1ms)
			RebuildScriptCaches (55ms)
			SetupLoadedEditorAssemblies (564ms)
				LogAssemblyErrors (0ms)
				InitializePlatformSupportModulesInManaged (3ms)
				SetLoadedEditorAssemblies (0ms)
				RefreshPlugins (107ms)
				BeforeProcessingInitializeOnLoad (80ms)
				ProcessInitializeOnLoadAttributes (236ms)
				ProcessInitializeOnLoadMethodAttributes (132ms)
				AfterProcessingInitializeOnLoad (6ms)
				EditorAssembliesLoaded (0ms)
			ExecutionOrderSort2 (0ms)
			AwakeInstancesAfterBackupRestoration (4ms)
Platform modules already initialized, skipping
========================================================================
Worker process is ready to serve import requests
Launched and connected shader compiler UnityShaderCompiler.exe after 0.06 seconds
Refreshing native plugins compatible for Editor in 1.37 ms, found 3 plugins.
Preloading 0 native plugins for Editor in 0.00 ms.
Unloading 5664 Unused Serialized files (Serialized files now loaded: 0)
System memory in use before: 235.4 MB.
System memory in use after: 235.8 MB.

Unloading 25 unused Assets to reduce memory usage. Loaded Objects now: 6132.
Total: 3.293400 ms (FindLiveObjects: 0.472200 ms CreateObjectMapping: 0.155000 ms MarkObjects: 2.608100 ms  DeleteObjects: 0.057400 ms)

AssetImportParameters requested are different than current active one (requested -> active):
  custom:framework-win-MediaFoundation: 216162199b28c13a410421893ffa2e32 -> 
  custom:video-decoder-ogg-theora: a1e56fd34408186e4bbccfd4996cb3dc -> 
  custom:container-muxer-webm: aa71ff27fc2769a1b78a27578f13a17b -> 
  custom:container-demuxer-webm: 4f35f7cbe854078d1ac9338744f61a02 -> 
  custom:container-demuxer-ogg: 62fdf1f143b41e24485cea50d1cbac27 -> 
  custom:video-encoder-webm-vp8: eb34c28f22e8b96e1ab97ce403110664 -> 
  custom:video-codec-MediaFoundation-h265: e54d7ab0439102e2317fc1e4b246158d -> 
  custom:video-decoder-webm-vp8: 9c59270c3fd7afecdb556c50c9e8de78 -> 
  custom:audio-decoder-ogg-vorbis: bf7c407c2cedff20999df2af8eb42d56 -> 
  custom:audio-encoder-webm-vorbis: bf7c407c2cedff20999df2af8eb42d56 -> 
========================================================================
Received Import Request.
  path: Assets/Bebas Neue.ttf
  artifactKey: Guid(f2708476b87a66e4485a034c7c9c982f) Importer(815301076,1909f56bfc062723c751e8b465ee728b)
Start importing Assets/Bebas Neue.ttf using Guid(f2708476b87a66e4485a034c7c9c982f) Importer(815301076,1909f56bfc062723c751e8b465ee728b) Launched and connected shader compiler UnityShaderCompiler.exe after 0.07 seconds
Launched and connected shader compiler UnityShaderCompiler.exe after 0.06 seconds
Launched and connected shader compiler UnityShaderCompiler.exe after 0.06 seconds
Launched and connected shader compiler UnityShaderCompiler.exe after 0.06 seconds
Launched and connected shader compiler UnityShaderCompiler.exe after 0.06 seconds
Launched and connected shader compiler UnityShaderCompiler.exe after 0.06 seconds
Launched and connected shader compiler UnityShaderCompiler.exe after 0.06 seconds
Launched and connected shader compiler UnityShaderCompiler.exe after 0.06 seconds
Launched and connected shader compiler UnityShaderCompiler.exe after 0.06 seconds
Launched and connected shader compiler UnityShaderCompiler.exe after 0.06 seconds
Launched and connected shader compiler UnityShaderCompiler.exe after 0.07 seconds
Launched and connected shader compiler UnityShaderCompiler.exe after 0.11 seconds
Launched and connected shader compiler UnityShaderCompiler.exe after 0.11 seconds
Launched and connected shader compiler UnityShaderCompiler.exe after 0.11 seconds
Launched and connected shader compiler UnityShaderCompiler.exe after 0.11 seconds
Launched and connected shader compiler UnityShaderCompiler.exe after 0.11 seconds
Launched and connected shader compiler UnityShaderCompiler.exe after 0.10 seconds
Launched and connected shader compiler UnityShaderCompiler.exe after 0.11 seconds
Launched and connected shader compiler UnityShaderCompiler.exe after 0.11 seconds
Launched and connected shader compiler UnityShaderCompiler.exe after 0.07 seconds
Launched and connected shader compiler UnityShaderCompiler.exe after 0.06 seconds
Launched and connected shader compiler UnityShaderCompiler.exe after 0.06 seconds
Launched and connected shader compiler UnityShaderCompiler.exe after 0.06 seconds
Launched and connected shader compiler UnityShaderCompiler.exe after 0.06 seconds
Launched and connected shader compiler UnityShaderCompiler.exe after 0.07 seconds
Launched and connected shader compiler UnityShaderCompiler.exe after 0.06 seconds
Launched and connected shader compiler UnityShaderCompiler.exe after 0.06 seconds
Launched and connected shader compiler UnityShaderCompiler.exe after 0.06 seconds
Launched and connected shader compiler UnityShaderCompiler.exe after 0.06 seconds
Launched and connected shader compiler UnityShaderCompiler.exe after 0.06 seconds
Launched and connected shader compiler UnityShaderCompiler.exe after 0.06 seconds
 -> (artifact id: 'dac0350e92216ad704b13fe0a124075c') in 2.941182 seconds 
========================================================================
Received Import Request.
  Time since last request: 1654.213969 seconds.
  path: Assets/SampleSceneAssets/TutorialInfo/Readme.asset
  artifactKey: Guid(83c2ed844a8c74b779a4c823d16594b1) Importer(815301076,1909f56bfc062723c751e8b465ee728b)
Start importing Assets/SampleSceneAssets/TutorialInfo/Readme.asset using Guid(83c2ed844a8c74b779a4c823d16594b1) Importer(815301076,1909f56bfc062723c751e8b465ee728b)  -> (artifact id: '17459b2593d337ebab0d120e775ef02f') in 0.009963 seconds 
========================================================================
Received Import Request.
  Time since last request: 23.735394 seconds.
  path: Assets/AnimationClipTransfer/Resources/AnimationViewer.uss
  artifactKey: Guid(5182c03ec059bbd448123ac2194fae1d) Importer(815301076,1909f56bfc062723c751e8b465ee728b)
Start importing Assets/AnimationClipTransfer/Resources/AnimationViewer.uss using Guid(5182c03ec059bbd448123ac2194fae1d) Importer(815301076,1909f56bfc062723c751e8b465ee728b)  -> (artifact id: '70ebc4649607ae63bb22ea017c479bb8') in 0.009202 seconds 
========================================================================
Received Import Request.
  Time since last request: 0.000117 seconds.
  path: Assets/AnimationClipTransfer/Resources/StaggerElement.uxml
  artifactKey: Guid(446a1f8ef1db86744b3c0ddd10690b4b) Importer(815301076,1909f56bfc062723c751e8b465ee728b)
Start importing Assets/AnimationClipTransfer/Resources/StaggerElement.uxml using Guid(446a1f8ef1db86744b3c0ddd10690b4b) Importer(815301076,1909f56bfc062723c751e8b465ee728b)  -> (artifact id: 'b995d30d8034a53e9e1798de60948d79') in 0.009590 seconds 
========================================================================
Received Import Request.
  Time since last request: 0.000121 seconds.
  path: Assets/AnimationClipTransfer/Resources/StaggerAnimationSettings.uxml
  artifactKey: Guid(c24319d03d0d7bd4d85b3f7c949cbd7d) Importer(815301076,1909f56bfc062723c751e8b465ee728b)
Start importing Assets/AnimationClipTransfer/Resources/StaggerAnimationSettings.uxml using Guid(c24319d03d0d7bd4d85b3f7c949cbd7d) Importer(815301076,1909f56bfc062723c751e8b465ee728b)  -> (artifact id: 'bdee12495fc48a9ac67664968f94b1bb') in 0.006180 seconds 
========================================================================
Received Import Request.
  Time since last request: 0.000120 seconds.
  path: Assets/AnimationClipTransfer/Resources/MinMaxDurationSlider.uxml
  artifactKey: Guid(bd77e326a3c0f04439dee259e24ebcd4) Importer(815301076,1909f56bfc062723c751e8b465ee728b)
Start importing Assets/AnimationClipTransfer/Resources/MinMaxDurationSlider.uxml using Guid(bd77e326a3c0f04439dee259e24ebcd4) Importer(815301076,1909f56bfc062723c751e8b465ee728b)  -> (artifact id: '4a9878c3eed58e76e5a9738eb945b448') in 0.006006 seconds 
========================================================================
Received Import Request.
  Time since last request: 2.643406 seconds.
  path: Assets/AnimationClipTransfer/AnimationClipTransfer.asmdef
  artifactKey: Guid(523eecbe7019dbf4289eda125dd4385f) Importer(815301076,1909f56bfc062723c751e8b465ee728b)
Start importing Assets/AnimationClipTransfer/AnimationClipTransfer.asmdef using Guid(523eecbe7019dbf4289eda125dd4385f) Importer(815301076,1909f56bfc062723c751e8b465ee728b)  -> (artifact id: '4a0868d1ed70f34949bb735f211e2ee0') in 0.006070 seconds 
========================================================================
Received Import Request.
  Time since last request: 2.901949 seconds.
  path: Assets/AnimationClipTransfer
  artifactKey: Guid(10b3dd9c8f8b5e0419bea417f8cb0764) Importer(815301076,1909f56bfc062723c751e8b465ee728b)
Start importing Assets/AnimationClipTransfer using Guid(10b3dd9c8f8b5e0419bea417f8cb0764) Importer(815301076,1909f56bfc062723c751e8b465ee728b)  -> (artifact id: '70b5a60a4b15dac02df67b1bb389777b') in 0.001620 seconds 
========================================================================
Received Import Request.
  Time since last request: 3.211088 seconds.
  path: Assets/AnimationClipTransfer/Script/AnimationClipTransfer.cs
  artifactKey: Guid(01fd439f2de47aa4e99294db6faf5d82) Importer(815301076,1909f56bfc062723c751e8b465ee728b)
Start importing Assets/AnimationClipTransfer/Script/AnimationClipTransfer.cs using Guid(01fd439f2de47aa4e99294db6faf5d82) Importer(815301076,1909f56bfc062723c751e8b465ee728b)  -> (artifact id: '855d7543e9e8295235a17c89dd6b0ec8') in 0.004968 seconds 
